<?xml version="1.0" encoding="UTF-8" ?>
<testsuites disabled="0" errors="0" failures="2" tests="3" time="3.766">
 <testsuite name="Angular Banking Form" timestamp="2019-07-01T13:16:31" hostname="localhost" time="3.63" errors="0" tests="1" skipped="0" disabled="0" failures="0">
  <testcase classname="Angular Banking Form" name="verify all buttons are diaplyed on home page" time="3.492" />
 </testsuite>
 <testsuite name="Angular Banking Form.Manager Login Verification" timestamp="2019-07-01T13:16:34" hostname="localhost" time="0.136" errors="0" tests="2" skipped="0" disabled="0" failures="2">
  <testcase classname="Angular Banking Form.Manager Login Verification" name="verify, options are available to manager: " time="0.026">
   <failure type="exception" message="Failed: this.managerAddCustomer.isDisplayed is not a function"><![CDATA[TypeError: this.managerAddCustomer.isDisplayed is not a function
    at BankingFormPage.verifyManagerOptions (C:\Users\sourabh.gupta\Desktop\Projects\JetBlue\src\com\jetBlue\e2e\pages\bankingFormPage.js:35:40)
    at UserContext.<anonymous> (C:\Users\sourabh.gupta\Desktop\Projects\JetBlue\src\com\jetBlue\e2e\specs\p2\bankingFormSpec.js:13:29)
    at C:\Users\sourabh.gupta\Desktop\Projects\JetBlue\node_modules\jasminewd2\index.js:112:25
    at new ManagedPromise (C:\Users\sourabh.gupta\Desktop\Projects\JetBlue\node_modules\selenium-webdriver\lib\promise.js:1077:7)
    at ControlFlow.promise (C:\Users\sourabh.gupta\Desktop\Projects\JetBlue\node_modules\selenium-webdriver\lib\promise.js:2505:12)
    at schedulerExecute (C:\Users\sourabh.gupta\Desktop\Projects\JetBlue\node_modules\jasminewd2\index.js:95:18)
    at TaskQueue.execute_ (C:\Users\sourabh.gupta\Desktop\Projects\JetBlue\node_modules\selenium-webdriver\lib\promise.js:3084:14)
    at TaskQueue.executeNext_ (C:\Users\sourabh.gupta\Desktop\Projects\JetBlue\node_modules\selenium-webdriver\lib\promise.js:3067:27)
    at asyncRun (C:\Users\sourabh.gupta\Desktop\Projects\JetBlue\node_modules\selenium-webdriver\lib\promise.js:2974:25)
    at C:\Users\sourabh.gupta\Desktop\Projects\JetBlue\node_modules\selenium-webdriver\lib\promise.js:668:7
From: Task: Run it("verify, options are available to manager: ") in control flow
    at UserContext.<anonymous> (C:\Users\sourabh.gupta\Desktop\Projects\JetBlue\node_modules\jasminewd2\index.js:94:19)
    at attempt (C:\Users\sourabh.gupta\Desktop\Projects\JetBlue\node_modules\protractor\node_modules\jasmine-core\lib\jasmine-core\jasmine.js:4297:26)
    at QueueRunner.run (C:\Users\sourabh.gupta\Desktop\Projects\JetBlue\node_modules\protractor\node_modules\jasmine-core\lib\jasmine-core\jasmine.js:4217:20)
    at runNext (C:\Users\sourabh.gupta\Desktop\Projects\JetBlue\node_modules\protractor\node_modules\jasmine-core\lib\jasmine-core\jasmine.js:4257:20)
    at C:\Users\sourabh.gupta\Desktop\Projects\JetBlue\node_modules\protractor\node_modules\jasmine-core\lib\jasmine-core\jasmine.js:4264:13
    at C:\Users\sourabh.gupta\Desktop\Projects\JetBlue\node_modules\protractor\node_modules\jasmine-core\lib\jasmine-core\jasmine.js:4172:9
    at C:\Users\sourabh.gupta\Desktop\Projects\JetBlue\node_modules\jasminewd2\index.js:64:48
    at ControlFlow.emit (C:\Users\sourabh.gupta\Desktop\Projects\JetBlue\node_modules\selenium-webdriver\lib\events.js:62:21)
    at ControlFlow.shutdown_ (C:\Users\sourabh.gupta\Desktop\Projects\JetBlue\node_modules\selenium-webdriver\lib\promise.js:2674:10)
    at shutdownTask_.MicroTask (C:\Users\sourabh.gupta\Desktop\Projects\JetBlue\node_modules\selenium-webdriver\lib\promise.js:2599:53)
From asynchronous test: 
Error
    at Suite.<anonymous> (C:\Users\sourabh.gupta\Desktop\Projects\JetBlue\src\com\jetBlue\e2e\specs\p2\bankingFormSpec.js:11:9)
    at addSpecsToSuite (C:\Users\sourabh.gupta\Desktop\Projects\JetBlue\node_modules\protractor\node_modules\jasmine-core\lib\jasmine-core\jasmine.js:1107:25)
    at Env.describe (C:\Users\sourabh.gupta\Desktop\Projects\JetBlue\node_modules\protractor\node_modules\jasmine-core\lib\jasmine-core\jasmine.js:1074:7)
    at describe (C:\Users\sourabh.gupta\Desktop\Projects\JetBlue\node_modules\protractor\node_modules\jasmine-core\lib\jasmine-core\jasmine.js:4399:18)
    at Suite.<anonymous> (C:\Users\sourabh.gupta\Desktop\Projects\JetBlue\src\com\jetBlue\e2e\specs\p2\bankingFormSpec.js:10:5)
    at addSpecsToSuite (C:\Users\sourabh.gupta\Desktop\Projects\JetBlue\node_modules\protractor\node_modules\jasmine-core\lib\jasmine-core\jasmine.js:1107:25)
    at Env.describe (C:\Users\sourabh.gupta\Desktop\Projects\JetBlue\node_modules\protractor\node_modules\jasmine-core\lib\jasmine-core\jasmine.js:1074:7)
    at describe (C:\Users\sourabh.gupta\Desktop\Projects\JetBlue\node_modules\protractor\node_modules\jasmine-core\lib\jasmine-core\jasmine.js:4399:18)
    at Object.<anonymous> (C:\Users\sourabh.gupta\Desktop\Projects\JetBlue\src\com\jetBlue\e2e\specs\p2\bankingFormSpec.js:3:1)]]>
   </failure>
  </testcase>
  <testcase classname="Angular Banking Form.Manager Login Verification" name="verify, manager is able to add customer records: " time="0.109">
   <failure type="exception" message="Failed: No element found using locator: by.model(&quot;fName&quot;)"><![CDATA[NoSuchElementError: No element found using locator: by.model("fName")
    at elementArrayFinder.getWebElements.then (C:\Users\sourabh.gupta\Desktop\Projects\JetBlue\node_modules\protractor\built\element.js:814:27)
    at ManagedPromise.invokeCallback_ (C:\Users\sourabh.gupta\Desktop\Projects\JetBlue\node_modules\selenium-webdriver\lib\promise.js:1376:14)
    at TaskQueue.execute_ (C:\Users\sourabh.gupta\Desktop\Projects\JetBlue\node_modules\selenium-webdriver\lib\promise.js:3084:14)
    at TaskQueue.executeNext_ (C:\Users\sourabh.gupta\Desktop\Projects\JetBlue\node_modules\selenium-webdriver\lib\promise.js:3067:27)
    at asyncRun (C:\Users\sourabh.gupta\Desktop\Projects\JetBlue\node_modules\selenium-webdriver\lib\promise.js:2927:27)
    at C:\Users\sourabh.gupta\Desktop\Projects\JetBlue\node_modules\selenium-webdriver\lib\promise.js:668:7
    at process._tickCallback (internal/process/next_tick.js:68:7)Error
    at ElementArrayFinder.applyAction_ (C:\Users\sourabh.gupta\Desktop\Projects\JetBlue\node_modules\protractor\built\element.js:459:27)
    at ElementArrayFinder.(anonymous function).args [as sendKeys] (C:\Users\sourabh.gupta\Desktop\Projects\JetBlue\node_modules\protractor\built\element.js:91:29)
    at ElementFinder.(anonymous function).args [as sendKeys] (C:\Users\sourabh.gupta\Desktop\Projects\JetBlue\node_modules\protractor\built\element.js:831:22)
    at BankingFormPage.managerAddCustomer (C:\Users\sourabh.gupta\Desktop\Projects\JetBlue\src\com\jetBlue\e2e\pages\bankingFormPage.js:46:32)
    at UserContext.<anonymous> (C:\Users\sourabh.gupta\Desktop\Projects\JetBlue\src\com\jetBlue\e2e\specs\p2\bankingFormSpec.js:17:29)
    at C:\Users\sourabh.gupta\Desktop\Projects\JetBlue\node_modules\jasminewd2\index.js:112:25
    at new ManagedPromise (C:\Users\sourabh.gupta\Desktop\Projects\JetBlue\node_modules\selenium-webdriver\lib\promise.js:1077:7)
    at ControlFlow.promise (C:\Users\sourabh.gupta\Desktop\Projects\JetBlue\node_modules\selenium-webdriver\lib\promise.js:2505:12)
    at schedulerExecute (C:\Users\sourabh.gupta\Desktop\Projects\JetBlue\node_modules\jasminewd2\index.js:95:18)
    at TaskQueue.execute_ (C:\Users\sourabh.gupta\Desktop\Projects\JetBlue\node_modules\selenium-webdriver\lib\promise.js:3084:14)
From: Task: Run it("verify, manager is able to add customer records: ") in control flow
    at UserContext.<anonymous> (C:\Users\sourabh.gupta\Desktop\Projects\JetBlue\node_modules\jasminewd2\index.js:94:19)
    at attempt (C:\Users\sourabh.gupta\Desktop\Projects\JetBlue\node_modules\protractor\node_modules\jasmine-core\lib\jasmine-core\jasmine.js:4297:26)
    at QueueRunner.run (C:\Users\sourabh.gupta\Desktop\Projects\JetBlue\node_modules\protractor\node_modules\jasmine-core\lib\jasmine-core\jasmine.js:4217:20)
    at runNext (C:\Users\sourabh.gupta\Desktop\Projects\JetBlue\node_modules\protractor\node_modules\jasmine-core\lib\jasmine-core\jasmine.js:4257:20)
    at C:\Users\sourabh.gupta\Desktop\Projects\JetBlue\node_modules\protractor\node_modules\jasmine-core\lib\jasmine-core\jasmine.js:4264:13
    at C:\Users\sourabh.gupta\Desktop\Projects\JetBlue\node_modules\protractor\node_modules\jasmine-core\lib\jasmine-core\jasmine.js:4172:9
    at C:\Users\sourabh.gupta\Desktop\Projects\JetBlue\node_modules\jasminewd2\index.js:64:48
    at ControlFlow.emit (C:\Users\sourabh.gupta\Desktop\Projects\JetBlue\node_modules\selenium-webdriver\lib\events.js:62:21)
    at ControlFlow.shutdown_ (C:\Users\sourabh.gupta\Desktop\Projects\JetBlue\node_modules\selenium-webdriver\lib\promise.js:2674:10)
    at shutdownTask_.MicroTask (C:\Users\sourabh.gupta\Desktop\Projects\JetBlue\node_modules\selenium-webdriver\lib\promise.js:2599:53)
From asynchronous test: 
Error
    at Suite.<anonymous> (C:\Users\sourabh.gupta\Desktop\Projects\JetBlue\src\com\jetBlue\e2e\specs\p2\bankingFormSpec.js:16:9)
    at addSpecsToSuite (C:\Users\sourabh.gupta\Desktop\Projects\JetBlue\node_modules\protractor\node_modules\jasmine-core\lib\jasmine-core\jasmine.js:1107:25)
    at Env.describe (C:\Users\sourabh.gupta\Desktop\Projects\JetBlue\node_modules\protractor\node_modules\jasmine-core\lib\jasmine-core\jasmine.js:1074:7)
    at describe (C:\Users\sourabh.gupta\Desktop\Projects\JetBlue\node_modules\protractor\node_modules\jasmine-core\lib\jasmine-core\jasmine.js:4399:18)
    at Suite.<anonymous> (C:\Users\sourabh.gupta\Desktop\Projects\JetBlue\src\com\jetBlue\e2e\specs\p2\bankingFormSpec.js:10:5)
    at addSpecsToSuite (C:\Users\sourabh.gupta\Desktop\Projects\JetBlue\node_modules\protractor\node_modules\jasmine-core\lib\jasmine-core\jasmine.js:1107:25)
    at Env.describe (C:\Users\sourabh.gupta\Desktop\Projects\JetBlue\node_modules\protractor\node_modules\jasmine-core\lib\jasmine-core\jasmine.js:1074:7)
    at describe (C:\Users\sourabh.gupta\Desktop\Projects\JetBlue\node_modules\protractor\node_modules\jasmine-core\lib\jasmine-core\jasmine.js:4399:18)
    at Object.<anonymous> (C:\Users\sourabh.gupta\Desktop\Projects\JetBlue\src\com\jetBlue\e2e\specs\p2\bankingFormSpec.js:3:1)]]>
   </failure>
  </testcase>
 </testsuite>
</testsuites>